-------------------------------------------------------------------------------
Test set: fluffandpaws.webadopcion.WebAdopcionApplicationTests
-------------------------------------------------------------------------------
Tests run: 1, Failures: 0, Errors: 1, Skipped: 0, Time elapsed: 0.008 s <<< FAILURE! - in fluffandpaws.webadopcion.WebAdopcionApplicationTests
fluffandpaws.webadopcion.WebAdopcionApplicationTests  Time elapsed: 0.005 s  <<< ERROR!
java.lang.TypeNotPresentException: Type org.springframework.test.context.junit.jupiter.SpringExtension not present
Caused by: java.lang.ClassNotFoundException: org.springframework.test.context.junit.jupiter.SpringExtension

